<?xml version="1.0" encoding="UTF-8"?>
<!-- Generated by org.testng.reporters.JUnitReportReporter -->
<testsuite skipped="0" hostname="om-PC" name="com.OrangHRM.TestCase.Tc_Login_DDT_002" tests="3" failures="0" timestamp="25 Dec 2021 09:12:25 GMT" time="9.414" errors="0">
  <testcase name="loginData" time="5.635" classname="com.OrangHRM.TestCase.Tc_Login_DDT_002"/>
  <testcase name="loginData" time="2.211" classname="com.OrangHRM.TestCase.Tc_Login_DDT_002"/>
  <testcase name="loginData" time="1.568" classname="com.OrangHRM.TestCase.Tc_Login_DDT_002"/>
</testsuite> <!-- com.OrangHRM.TestCase.Tc_Login_DDT_002 -->
