<?xml version="1.0" encoding="UTF-8"?>
<!-- Generated by org.testng.reporters.JUnitReportReporter -->
<testsuite skipped="0" hostname="om-PC" name="com.OrangHRM.TestCase.Tc_LoginTest_001" tests="1" failures="0" timestamp="5 Dec 2021 09:55:17 GMT" time="5.528" errors="0">
  <testcase name="loginTest" time="5.528" classname="com.OrangHRM.TestCase.Tc_LoginTest_001"/>
</testsuite> <!-- com.OrangHRM.TestCase.Tc_LoginTest_001 -->
