<?xml version="1.0" encoding="UTF-8"?>
<!-- Generated by org.testng.reporters.JUnitReportReporter -->
<testsuite skipped="0" hostname="om-PC" name="com.OrangHRM.TestCase.Tc_LoginTest_003" tests="1" failures="0" timestamp="4 Dec 2021 10:51:14 GMT" time="6.913" errors="0">
  <testcase name="loginTest" time="6.913" classname="com.OrangHRM.TestCase.Tc_LoginTest_003"/>
</testsuite> <!-- com.OrangHRM.TestCase.Tc_LoginTest_003 -->
